mode: set
tugas-pertemuan-6-dan-7/docs/docs.go:308.13,310.2 1 0
tugas-pertemuan-6-dan-7/main.go:27.13,53.2 17 0
tugas-pertemuan-6-dan-7/middleware/jwt.go:15.31,17.18 2 0
tugas-pertemuan-6-dan-7/middleware/jwt.go:17.18,21.3 1 0
tugas-pertemuan-6-dan-7/middleware/jwt.go:22.2,22.23 1 0
tugas-pertemuan-6-dan-7/middleware/jwt.go:25.32,26.34 1 0
tugas-pertemuan-6-dan-7/middleware/jwt.go:26.34,28.23 2 0
tugas-pertemuan-6-dan-7/middleware/jwt.go:28.23,33.4 1 0
tugas-pertemuan-6-dan-7/middleware/jwt.go:35.3,36.24 2 0
tugas-pertemuan-6-dan-7/middleware/jwt.go:36.24,41.4 1 0
tugas-pertemuan-6-dan-7/middleware/jwt.go:43.3,43.84 1 0
tugas-pertemuan-6-dan-7/middleware/jwt.go:43.84,44.59 1 0
tugas-pertemuan-6-dan-7/middleware/jwt.go:44.59,46.5 1 0
tugas-pertemuan-6-dan-7/middleware/jwt.go:48.4,48.33 1 0
tugas-pertemuan-6-dan-7/middleware/jwt.go:51.3,51.17 1 0
tugas-pertemuan-6-dan-7/middleware/jwt.go:51.17,57.4 2 0
tugas-pertemuan-6-dan-7/middleware/jwt.go:59.3,59.68 1 0
tugas-pertemuan-6-dan-7/middleware/jwt.go:59.68,62.35 3 0
tugas-pertemuan-6-dan-7/middleware/jwt.go:62.35,63.23 1 0
tugas-pertemuan-6-dan-7/middleware/jwt.go:63.23,65.11 2 0
tugas-pertemuan-6-dan-7/middleware/jwt.go:68.4,68.24 1 0
tugas-pertemuan-6-dan-7/middleware/jwt.go:68.24,71.5 2 0
tugas-pertemuan-6-dan-7/middleware/jwt.go:74.3,77.5 1 0
tugas-pertemuan-6-dan-7/handlers/auth.go:20.32,22.47 2 1
tugas-pertemuan-6-dan-7/handlers/auth.go:22.47,27.3 1 0
tugas-pertemuan-6-dan-7/handlers/auth.go:29.2,30.33 2 1
tugas-pertemuan-6-dan-7/handlers/auth.go:30.33,31.37 1 1
tugas-pertemuan-6-dan-7/handlers/auth.go:31.37,33.9 2 1
tugas-pertemuan-6-dan-7/handlers/auth.go:37.2,37.54 1 1
tugas-pertemuan-6-dan-7/handlers/auth.go:37.54,42.3 1 1
tugas-pertemuan-6-dan-7/handlers/auth.go:44.2,45.16 2 1
tugas-pertemuan-6-dan-7/handlers/auth.go:45.16,50.3 1 0
tugas-pertemuan-6-dan-7/handlers/auth.go:52.2,56.4 1 1
tugas-pertemuan-6-dan-7/handlers/profile.go:9.37,18.2 2 0
tugas-pertemuan-6-dan-7/handlers/student.go:18.41,24.2 1 0
tugas-pertemuan-6-dan-7/handlers/student.go:36.41,38.16 2 0
tugas-pertemuan-6-dan-7/handlers/student.go:38.16,43.3 1 0
tugas-pertemuan-6-dan-7/handlers/student.go:45.2,45.42 1 0
tugas-pertemuan-6-dan-7/handlers/student.go:45.42,46.23 1 0
tugas-pertemuan-6-dan-7/handlers/student.go:46.23,52.4 1 0
tugas-pertemuan-6-dan-7/handlers/student.go:55.2,58.4 1 0
tugas-pertemuan-6-dan-7/handlers/student.go:71.40,73.47 2 0
tugas-pertemuan-6-dan-7/handlers/student.go:73.47,78.3 1 0
tugas-pertemuan-6-dan-7/handlers/student.go:80.2,87.4 3 0
tugas-pertemuan-6-dan-7/handlers/student.go:90.40,92.16 2 0
tugas-pertemuan-6-dan-7/handlers/student.go:92.16,97.3 1 0
tugas-pertemuan-6-dan-7/handlers/student.go:99.2,100.54 2 0
tugas-pertemuan-6-dan-7/handlers/student.go:100.54,105.3 1 0
tugas-pertemuan-6-dan-7/handlers/student.go:107.2,107.42 1 0
tugas-pertemuan-6-dan-7/handlers/student.go:107.42,108.23 1 0
tugas-pertemuan-6-dan-7/handlers/student.go:108.23,116.4 3 0
tugas-pertemuan-6-dan-7/handlers/student.go:119.2,122.4 1 0
tugas-pertemuan-6-dan-7/handlers/student.go:125.40,127.16 2 0
tugas-pertemuan-6-dan-7/handlers/student.go:127.16,132.3 1 0
tugas-pertemuan-6-dan-7/handlers/student.go:134.2,134.42 1 0
tugas-pertemuan-6-dan-7/handlers/student.go:134.42,135.23 1 0
tugas-pertemuan-6-dan-7/handlers/student.go:135.23,141.4 2 0
tugas-pertemuan-6-dan-7/handlers/student.go:144.2,147.4 1 0
tugas-pertemuan-6-dan-7/utils/jwt.go:12.31,14.18 2 1
tugas-pertemuan-6-dan-7/utils/jwt.go:14.18,17.3 1 0
tugas-pertemuan-6-dan-7/utils/jwt.go:18.2,18.23 1 1
tugas-pertemuan-6-dan-7/utils/jwt.go:21.53,34.2 4 1
tugas-pertemuan-6-dan-7/utils/jwt.go:37.54,38.83 1 1
tugas-pertemuan-6-dan-7/utils/jwt.go:38.83,39.58 1 1
tugas-pertemuan-6-dan-7/utils/jwt.go:39.58,41.4 1 0
tugas-pertemuan-6-dan-7/utils/jwt.go:42.3,42.32 1 1
tugas-pertemuan-6-dan-7/utils/jwt.go:45.2,45.41 1 1
tugas-pertemuan-6-dan-7/utils/validation.go:8.39,10.2 1 1
tugas-pertemuan-6-dan-7/utils/validation.go:12.35,14.2 1 1
tugas-pertemuan-6-dan-7/utils/validation.go:16.42,18.2 1 1
tugas-pertemuan-6-dan-7/test/integration/test_setup.go:16.29,22.2 3 0
tugas-pertemuan-6-dan-7/test/integration/test_setup.go:25.32,44.2 12 1
tugas-pertemuan-6-dan-7/test/integration/test_setup.go:47.58,51.2 2 1
